<?xml version="1.0" encoding="UTF-8"?>
<testsuite xmlns:xsi="http://www.w3.org/2001/XMLSchema-instance" xsi:noNamespaceSchemaLocation="https://maven.apache.org/surefire/maven-surefire-plugin/xsd/surefire-test-report-3.0.xsd" version="3.0" name="sa.edu.kau.fcit.cpit252.Lab6Test" time="0.048" tests="5" errors="0" skipped="0" failures="0">
  <properties>
[...]
</properties>
  <testcase name="shouldHaveConcreteHandlers" classname="sa.edu.kau.fcit.cpit252.Lab6Test" time="0.026"/>
  <testcase name="shouldLogWithMultipleFormatters" classname="sa.edu.kau.fcit.cpit252.Lab6Test" time="0.001"/>
  <testcase name="shouldHaveDecoratorAbstractClass" classname="sa.edu.kau.fcit.cpit252.Lab6Test" time="0.001"/>
  <testcase name="shouldHaveConcreteFormatters" classname="sa.edu.kau.fcit.cpit252.Lab6Test" time="0.002"/>
  <testcase name="shouldHaveBaseLoggerAbstractClass" classname="sa.edu.kau.fcit.cpit252.Lab6Test" time="0.001"/>
</testsuite>